#
# There is insufficient memory for the Java Runtime Environment to continue.
# Native memory allocation (malloc) failed to allocate 397616 bytes for Chunk::new
# Possible reasons:
#   The system is out of physical RAM or swap space
#   The process is running with CompressedOops enabled, and the Java Heap may be blocking the growth of the native heap
# Possible solutions:
#   Reduce memory load on the system
#   Increase physical memory or swap space
#   Check if swap backing store is full
#   Decrease Java heap size (-Xmx/-Xms)
#   Decrease number of Java threads
#   Decrease Java thread stack sizes (-Xss)
#   Set larger code cache with -XX:ReservedCodeCacheSize=
#   JVM is running with Unscaled Compressed Oops mode in which the Java heap is
#     placed in the first 4GB address space. The Java Heap base address is the
#     maximum limit for the native heap growth. Please use -XX:HeapBaseMinAddress
#     to set the Java Heap base and to place the Java Heap above 4GB virtual address.
# This output file may be truncated or incomplete.
#
#  Out of Memory Error (allocation.cpp:389), pid=10928, tid=0x000000000000226c
#
# JRE version: OpenJDK Runtime Environment (8.0_212-b04) (build 1.8.0_212-release-1586-b04)
# Java VM: OpenJDK 64-Bit Server VM (25.212-b04 mixed mode windows-amd64 compressed oops)
# Failed to write core dump. Minidumps are not enabled by default on client versions of Windows
#

---------------  T H R E A D  ---------------

Current thread (0x000000001608c000):  JavaThread "C2 CompilerThread0" daemon [_thread_in_native, id=8812, stack(0x00000000176f0000,0x00000000177f0000)]

Stack: [0x00000000176f0000,0x00000000177f0000]
[error occurred during error reporting (printing stack bounds), id 0xc0000005]

Native frames: (J=compiled Java code, j=interpreted, Vv=VM code, C=native code)


Current CompileTask:
C2:3214501 29447       4       kotlin.sequences.SequencesKt___SequencesKt::joinToString (73 bytes)


---------------  P R O C E S S  ---------------

Java Threads: ( => current thread )
  0x000000001c74d000 JavaThread "ForkJoinPool.commonPool-worker-1" daemon [_thread_blocked, id=10008, stack(0x000000003fe50000,0x000000003ff50000)]
  0x000000001d0c8000 JavaThread "WorkerExecutor Queue Thread 4" [_thread_blocked, id=7496, stack(0x000000003f450000,0x000000003f550000)]
  0x000000001d0c6800 JavaThread "WorkerExecutor Queue Thread 3" [_thread_blocked, id=1888, stack(0x000000003f350000,0x000000003f450000)]
  0x000000001d0c4800 JavaThread "WorkerExecutor Queue Thread 2" [_thread_blocked, id=9096, stack(0x000000003f250000,0x000000003f350000)]
  0x000000001d0ba000 JavaThread "WorkerExecutor Queue" [_thread_blocked, id=9244, stack(0x000000003f150000,0x000000003f250000)]
  0x000000002961f800 JavaThread "Build operations Thread 4" [_thread_blocked, id=5500, stack(0x000000003ea50000,0x000000003eb50000)]
  0x0000000029623800 JavaThread "Build operations Thread 3" [_thread_blocked, id=804, stack(0x000000003e950000,0x000000003ea50000)]
  0x000000002961f000 JavaThread "Build operations Thread 2" [_thread_blocked, id=11056, stack(0x000000003e850000,0x000000003e950000)]
  0x0000000029622800 JavaThread "Build operations" [_thread_blocked, id=7956, stack(0x000000003e750000,0x000000003e850000)]
  0x000000002961c800 JavaThread "Thread-137" [_thread_blocked, id=3712, stack(0x000000003e350000,0x000000003e450000)]
  0x000000002961b000 JavaThread "Stdin handler" [_thread_blocked, id=4704, stack(0x000000003e250000,0x000000003e350000)]
  0x0000000029618000 JavaThread "Asynchronous log dispatcher for DefaultDaemonConnection: socket connection from /127.0.0.1:54093 to /127.0.0.1:57799" [_thread_blocked, id=5468, stack(0x000000003e150000,0x000000003e250000)]
  0x0000000029619000 JavaThread "Cancel handler" [_thread_blocked, id=9772, stack(0x000000003e050000,0x000000003e150000)]
  0x0000000029615000 JavaThread "Handler for socket connection from /127.0.0.1:54093 to /127.0.0.1:57799" [_thread_in_native, id=2976, stack(0x000000003df50000,0x000000003e050000)]
  0x000000001db07000 JavaThread "Daemon worker Thread 4" [_thread_in_Java, id=12032, stack(0x000000003b450000,0x000000003b550000)]
  0x000000001db09800 JavaThread "Daemon Thread 4" [_thread_blocked, id=8888, stack(0x000000003b150000,0x000000003b250000)]
  0x000000001db0c800 JavaThread "Cache worker for Java compile cache (C:\Users\rehan\.gradle\wrapper\dists\gradle-5.1.1-all\caches\5.6.4\javaCompile)" [_thread_blocked, id=7264, stack(0x0000000031330000,0x0000000031430000)]
  0x000000001db08800 JavaThread "RMI Reaper" [_thread_blocked, id=6996, stack(0x000000002fbb0000,0x000000002fcb0000)]
  0x000000001db05800 JavaThread "RMI TCP Accept-0" daemon [_thread_in_native, id=11912, stack(0x000000002fab0000,0x000000002fbb0000)]
  0x000000001db04000 JavaThread "GC Daemon" daemon [_thread_blocked, id=7736, stack(0x000000002f9b0000,0x000000002fab0000)]
  0x000000001c752000 JavaThread "RMI Scheduler(0)" daemon [_thread_blocked, id=10212, stack(0x000000002f7b0000,0x000000002f8b0000)]
  0x000000001c74c800 JavaThread "MarlinRenderer Disposer" daemon [_thread_blocked, id=8392, stack(0x00000000236c0000,0x00000000237c0000)]
  0x000000001c746800 JavaThread "Java2D Disposer" daemon [_thread_blocked, id=2836, stack(0x00000000233c0000,0x00000000234c0000)]
  0x000000001d0bd000 JavaThread "Cache worker for file content cache (C:\Users\rehan\.gradle\wrapper\dists\gradle-5.1.1-all\caches\5.6.4\fileContent)" [_thread_blocked, id=10108, stack(0x0000000021dc0000,0x0000000021ec0000)]
  0x000000001d0c3800 JavaThread "Memory manager" [_thread_blocked, id=11496, stack(0x0000000021cc0000,0x0000000021dc0000)]
  0x000000001d0bc000 JavaThread "Cache worker for execution history cache (C:\Users\rehan\.gradle\wrapper\dists\gradle-5.1.1-all\caches\5.6.4\executionHistory)" [_thread_blocked, id=7592, stack(0x00000000200c0000,0x00000000201c0000)]
  0x0000000018bb0800 JavaThread "Cache worker for journal cache (C:\Users\rehan\.gradle\wrapper\dists\gradle-5.1.1-all\caches\journal-1)" [_thread_blocked, id=12176, stack(0x000000001be10000,0x000000001bf10000)]
  0x0000000018bb5000 JavaThread "File lock request listener" [_thread_in_native, id=724, stack(0x000000001bd10000,0x000000001be10000)]
  0x0000000018c99800 JavaThread "Cache worker for file hash cache (C:\Users\rehan\.gradle\wrapper\dists\gradle-5.1.1-all\caches\5.6.4\fileHashes)" [_thread_blocked, id=12296, stack(0x000000001bc10000,0x000000001bd10000)]
  0x00000000199db800 JavaThread "Daemon periodic checks" [_thread_blocked, id=11736, stack(0x000000001b010000,0x000000001b110000)]
  0x00000000199d9800 JavaThread "Incoming local TCP Connector on port 54093" [_thread_in_native, id=8056, stack(0x000000001add0000,0x000000001aed0000)]
  0x0000000019937800 JavaThread "Daemon health stats" [_thread_blocked, id=2272, stack(0x000000001a790000,0x000000001a890000)]
  0x00000000160eb000 JavaThread "Service Thread" daemon [_thread_blocked, id=556, stack(0x0000000017df0000,0x0000000017ef0000)]
  0x0000000016094000 JavaThread "C1 CompilerThread2" daemon [_thread_blocked, id=3656, stack(0x00000000178f0000,0x00000000179f0000)]
  0x000000001608f800 JavaThread "C2 CompilerThread1" daemon [_thread_in_native, id=13080, stack(0x00000000177f0000,0x00000000178f0000)]
=>0x000000001608c000 JavaThread "C2 CompilerThread0" daemon [_thread_in_native, id=8812, stack(0x00000000176f0000,0x00000000177f0000)]
  0x000000001608b000 JavaThread "Attach Listener" daemon [_thread_blocked, id=3184, stack(0x00000000175f0000,0x00000000176f0000)]
  0x0000000016089800 JavaThread "Signal Dispatcher" daemon [_thread_blocked, id=11804, stack(0x00000000174f0000,0x00000000175f0000)]
  0x000000000271c000 JavaThread "Finalizer" daemon [_thread_blocked, id=596, stack(0x0000000017300000,0x0000000017400000)]
  0x0000000016079000 JavaThread "Reference Handler" daemon [_thread_blocked, id=13212, stack(0x0000000017200000,0x0000000017300000)]
  0x0000000002622800 JavaThread "main" [_thread_blocked, id=7928, stack(0x0000000002520000,0x0000000002620000)]

Other Threads:
  0x0000000016056000 VMThread [stack: 0x0000000017100000,0x0000000017200000] [id=2696]
  0x00000000160ec000 WatcherThread [stack: 0x0000000017ef0000,0x0000000017ff0000] [id=9760]

VM state:not at safepoint (normal execution)

VM Mutex/Monitor currently owned by a thread: None

OutOfMemory and StackOverflow Exception counts:
OutOfMemoryError java_heap_errors=1

heap address: 0x00000000a0000000, size: 1536 MB, Compressed Oops mode: 32-bit
Narrow klass base: 0x0000000000000000, Narrow klass shift: 3
Compressed class space size: 1073741824 Address: 0x0000000100000000

Heap:
 PSYoungGen      total 371712K, used 212877K [0x00000000e0000000, 0x00000000ff180000, 0x0000000100000000)
  eden space 240128K, 80% used [0x00000000e0000000,0x00000000ebc8cb00,0x00000000eea80000)
  from space 131584K, 15% used [0x00000000f7100000,0x00000000f8456b58,0x00000000ff180000)
  to   space 134656K, 0% used [0x00000000eea80000,0x00000000eea80000,0x00000000f6e00000)
 ParOldGen       total 373760K, used 290863K [0x00000000a0000000, 0x00000000b6d00000, 0x00000000e0000000)
  object space 373760K, 77% used [0x00000000a0000000,0x00000000b1c0bdb0,0x00000000b6d00000)
 Metaspace       used 109035K, capacity 114284K, committed 114560K, reserved 1148928K
  class space    used 13614K, capacity 14599K, committed 14720K, reserved 1048576K

Card table byte_map: [0x0000000011ae0000,0x0000000011df0000] byte_map_base: 0x00000000115e0000

Marking Bits: (ParMarkBitMap*) 0x0000000062229f30
 Begin Bits: [0x00000000123f0000, 0x0000000013bf0000)
 End Bits:   [0x0000000013bf0000, 0x00000000153f0000)

Polling page: 0x00000000007d0000

CodeCache: size=245760Kb used=77504Kb max_used=77631Kb free=168255Kb
 bounds [0x0000000002720000, 0x0000000007390000, 0x0000000011720000]
 total_blobs=23098 nmethods=22061 adapters=949
 compilation: enabled

Compilation events (10 events):
Event: 3213.949 Thread 0x000000001608c000 nmethod 29446 0x0000000002cc97d0 code [0x0000000002cc9920, 0x0000000002cc9a58]
Event: 3214.113 Thread 0x000000001608c000 29447       4       kotlin.sequences.SequencesKt___SequencesKt::joinToString (73 bytes)
Event: 3214.130 Thread 0x000000001608f800 nmethod 29445 0x0000000005a43710 code [0x0000000005a43960, 0x0000000005a44690]
Event: 3214.130 Thread 0x000000001608f800 29448       4       kotlin.sequences.SequencesKt___SequencesKt::joinTo (160 bytes)
Event: 3214.200 Thread 0x0000000016094000 29450       1       com.android.dx.rop.cst.CstType::getClassType (5 bytes)
Event: 3214.201 Thread 0x0000000016094000 nmethod 29450 0x0000000003f38250 code [0x0000000003f383a0, 0x0000000003f384b0]
Event: 3214.204 Thread 0x0000000016094000 29453       3       java.lang.Throwable::getStackTrace (11 bytes)
Event: 3214.205 Thread 0x0000000016094000 nmethod 29453 0x00000000038d1b90 code [0x00000000038d1d20, 0x00000000038d2058]
Event: 3214.230 Thread 0x0000000016094000 29454   !   3       com.google.common.cache.LocalCache$Segment::clear (261 bytes)
Event: 3214.234 Thread 0x0000000016094000 nmethod 29454 0x0000000003ecad10 code [0x0000000003ecb140, 0x0000000003ecdae8]

GC Heap History (10 events):
Event: 1973.241 GC heap before
{Heap before GC invocations=48 (full 6):
 PSYoungGen      total 223744K, used 223565K [0x00000000e0000000, 0x00000000ff880000, 0x0000000100000000)
  eden space 210432K, 100% used [0x00000000e0000000,0x00000000ecd80000,0x00000000ecd80000)
  from space 13312K, 98% used [0x00000000ecd80000,0x00000000eda53758,0x00000000eda80000)
  to   space 153088K, 0% used [0x00000000f6300000,0x00000000f6300000,0x00000000ff880000)
 ParOldGen       total 373760K, used 266468K [0x00000000a0000000, 0x00000000b6d00000, 0x00000000e0000000)
  object space 373760K, 71% used [0x00000000a0000000,0x00000000b0439090,0x00000000b6d00000)
 Metaspace       used 107320K, capacity 112054K, committed 112384K, reserved 1146880K
  class space    used 13450K, capacity 14278K, committed 14336K, reserved 1048576K
Event: 1973.422 GC heap after
Heap after GC invocations=48 (full 6):
 PSYoungGen      total 366592K, used 19722K [0x00000000e0000000, 0x0000000100000000, 0x0000000100000000)
  eden space 213504K, 0% used [0x00000000e0000000,0x00000000e0000000,0x00000000ed080000)
  from space 153088K, 12% used [0x00000000f6300000,0x00000000f76429d8,0x00000000ff880000)
  to   space 150016K, 0% used [0x00000000ed080000,0x00000000ed080000,0x00000000f6300000)
 ParOldGen       total 373760K, used 266756K [0x00000000a0000000, 0x00000000b6d00000, 0x00000000e0000000)
  object space 373760K, 71% used [0x00000000a0000000,0x00000000b0481100,0x00000000b6d00000)
 Metaspace       used 107320K, capacity 112054K, committed 112384K, reserved 1146880K
  class space    used 13450K, capacity 14278K, committed 14336K, reserved 1048576K
}
Event: 1983.159 GC heap before
{Heap before GC invocations=49 (full 6):
 PSYoungGen      total 366592K, used 233226K [0x00000000e0000000, 0x0000000100000000, 0x0000000100000000)
  eden space 213504K, 100% used [0x00000000e0000000,0x00000000ed080000,0x00000000ed080000)
  from space 153088K, 12% used [0x00000000f6300000,0x00000000f76429d8,0x00000000ff880000)
  to   space 150016K, 0% used [0x00000000ed080000,0x00000000ed080000,0x00000000f6300000)
 ParOldGen       total 373760K, used 266756K [0x00000000a0000000, 0x00000000b6d00000, 0x00000000e0000000)
  object space 373760K, 71% used [0x00000000a0000000,0x00000000b0481100,0x00000000b6d00000)
 Metaspace       used 107511K, capacity 112188K, committed 112384K, reserved 1146880K
  class space    used 13452K, capacity 14279K, committed 14336K, reserved 1048576K
Event: 1983.384 GC heap after
Heap after GC invocations=49 (full 6):
 PSYoungGen      total 363520K, used 3904K [0x00000000e0000000, 0x00000000ffb00000, 0x0000000100000000)
  eden space 213504K, 0% used [0x00000000e0000000,0x00000000e0000000,0x00000000ed080000)
  from space 150016K, 2% used [0x00000000ed080000,0x00000000ed4501a0,0x00000000f6300000)
  to   space 148992K, 0% used [0x00000000f6980000,0x00000000f6980000,0x00000000ffb00000)
 ParOldGen       total 373760K, used 278213K [0x00000000a0000000, 0x00000000b6d00000, 0x00000000e0000000)
  object space 373760K, 74% used [0x00000000a0000000,0x00000000b0fb1620,0x00000000b6d00000)
 Metaspace       used 107511K, capacity 112188K, committed 112384K, reserved 1146880K
  class space    used 13452K, capacity 14279K, committed 14336K, reserved 1048576K
}
Event: 3086.463 GC heap before
{Heap before GC invocations=50 (full 6):
 PSYoungGen      total 363520K, used 217408K [0x00000000e0000000, 0x00000000ffb00000, 0x0000000100000000)
  eden space 213504K, 100% used [0x00000000e0000000,0x00000000ed080000,0x00000000ed080000)
  from space 150016K, 2% used [0x00000000ed080000,0x00000000ed4501a0,0x00000000f6300000)
  to   space 148992K, 0% used [0x00000000f6980000,0x00000000f6980000,0x00000000ffb00000)
 ParOldGen       total 373760K, used 278213K [0x00000000a0000000, 0x00000000b6d00000, 0x00000000e0000000)
  object space 373760K, 74% used [0x00000000a0000000,0x00000000b0fb1620,0x00000000b6d00000)
 Metaspace       used 108468K, capacity 113548K, committed 113664K, reserved 1148928K
  class space    used 13579K, capacity 14541K, committed 14592K, reserved 1048576K
Event: 3087.168 GC heap after
Heap after GC invocations=50 (full 6):
 PSYoungGen      total 368128K, used 21238K [0x00000000e0000000, 0x00000000ff500000, 0x0000000100000000)
  eden space 225280K, 0% used [0x00000000e0000000,0x00000000e0000000,0x00000000edc00000)
  from space 142848K, 14% used [0x00000000f6980000,0x00000000f7e3db68,0x00000000ff500000)
  to   space 143872K, 0% used [0x00000000edc00000,0x00000000edc00000,0x00000000f6880000)
 ParOldGen       total 373760K, used 279441K [0x00000000a0000000, 0x00000000b6d00000, 0x00000000e0000000)
  object space 373760K, 74% used [0x00000000a0000000,0x00000000b10e47f0,0x00000000b6d00000)
 Metaspace       used 108468K, capacity 113548K, committed 113664K, reserved 1148928K
  class space    used 13579K, capacity 14541K, committed 14592K, reserved 1048576K
}
Event: 3185.077 GC heap before
{Heap before GC invocations=51 (full 6):
 PSYoungGen      total 368128K, used 246518K [0x00000000e0000000, 0x00000000ff500000, 0x0000000100000000)
  eden space 225280K, 100% used [0x00000000e0000000,0x00000000edc00000,0x00000000edc00000)
  from space 142848K, 14% used [0x00000000f6980000,0x00000000f7e3db68,0x00000000ff500000)
  to   space 143872K, 0% used [0x00000000edc00000,0x00000000edc00000,0x00000000f6880000)
 ParOldGen       total 373760K, used 279441K [0x00000000a0000000, 0x00000000b6d00000, 0x00000000e0000000)
  object space 373760K, 74% used [0x00000000a0000000,0x00000000b10e47f0,0x00000000b6d00000)
 Metaspace       used 108848K, capacity 114114K, committed 114176K, reserved 1148928K
  class space    used 13610K, capacity 14592K, committed 14592K, reserved 1048576K
Event: 3185.229 GC heap after
Heap after GC invocations=51 (full 6):
 PSYoungGen      total 369152K, used 11840K [0x00000000e0000000, 0x00000000ffa00000, 0x0000000100000000)
  eden space 225280K, 0% used [0x00000000e0000000,0x00000000e0000000,0x00000000edc00000)
  from space 143872K, 8% used [0x00000000edc00000,0x00000000ee790040,0x00000000f6880000)
  to   space 140288K, 0% used [0x00000000f7100000,0x00000000f7100000,0x00000000ffa00000)
 ParOldGen       total 373760K, used 280256K [0x00000000a0000000, 0x00000000b6d00000, 0x00000000e0000000)
  object space 373760K, 74% used [0x00000000a0000000,0x00000000b11b0180,0x00000000b6d00000)
 Metaspace       used 108848K, capacity 114114K, committed 114176K, reserved 1148928K
  class space    used 13610K, capacity 14592K, committed 14592K, reserved 1048576K
}
Event: 3190.495 GC heap before
{Heap before GC invocations=52 (full 6):
 PSYoungGen      total 369152K, used 236323K [0x00000000e0000000, 0x00000000ffa00000, 0x0000000100000000)
  eden space 225280K, 99% used [0x00000000e0000000,0x00000000edb38d88,0x00000000edc00000)
  from space 143872K, 8% used [0x00000000edc00000,0x00000000ee790040,0x00000000f6880000)
  to   space 140288K, 0% used [0x00000000f7100000,0x00000000f7100000,0x00000000ffa00000)
 ParOldGen       total 373760K, used 280256K [0x00000000a0000000, 0x00000000b6d00000, 0x00000000e0000000)
  object space 373760K, 74% used [0x00000000a0000000,0x00000000b11b0180,0x00000000b6d00000)
 Metaspace       used 108962K, capacity 114242K, committed 114432K, reserved 1148928K
  class space    used 13610K, capacity 14592K, committed 14592K, reserved 1048576K
Event: 3190.639 GC heap after
Heap after GC invocations=52 (full 6):
 PSYoungGen      total 371712K, used 19802K [0x00000000e0000000, 0x00000000ff180000, 0x0000000100000000)
  eden space 240128K, 0% used [0x00000000e0000000,0x00000000e0000000,0x00000000eea80000)
  from space 131584K, 15% used [0x00000000f7100000,0x00000000f8456b58,0x00000000ff180000)
  to   space 134656K, 0% used [0x00000000eea80000,0x00000000eea80000,0x00000000f6e00000)
 ParOldGen       total 373760K, used 290863K [0x00000000a0000000, 0x00000000b6d00000, 0x00000000e0000000)
  object space 373760K, 77% used [0x00000000a0000000,0x00000000b1c0bdb0,0x00000000b6d00000)
 Metaspace       used 108962K, capacity 114242K, committed 114432K, reserved 1148928K
  class space    used 13610K, capacity 14592K, committed 14592K, reserved 1048576K
}

Deoptimization events (10 events):
Event: 3160.374 Thread 0x000000001db09800 Uncommon trap: reason=null_check action=make_not_entrant pc=0x0000000005b8557c method=org.slf4j.helpers.MessageFormatter.getThrowableCandidate([Ljava/lang/Object;)Ljava/lang/Throwable; @ 19
Event: 3160.374 Thread 0x000000001db09800 Uncommon trap: reason=unstable_if action=reinterpret pc=0x0000000004362a44 method=org.slf4j.helpers.MessageFormatter.deeplyAppendParameter(Ljava/lang/StringBuilder;Ljava/lang/Object;Ljava/util/Map;)V @ 1
Event: 3170.427 Thread 0x000000001db07000 Uncommon trap: reason=class_check action=maybe_recompile pc=0x0000000002afc8b8 method=org.gradle.internal.work.DefaultWorkerLeaseService$DefaultWorkerLease.acquireLock()Z @ 4
Event: 3170.464 Thread 0x000000001db07000 Uncommon trap: reason=class_check action=maybe_recompile pc=0x0000000003e79b78 method=com.google.common.collect.CompactHashMap$Itr.<init>(Lcom/google/common/collect/CompactHashMap;)V @ 25
Event: 3193.821 Thread 0x000000001d0bb800 Uncommon trap: reason=null_assert action=make_not_entrant pc=0x0000000006fc3db8 method=org.gradle.internal.snapshot.impl.DefaultValueSnapshotter.processValue(Ljava/lang/Object;Lorg/gradle/internal/snapshot/impl/DefaultValueSnapshotter$ValueVisitor;)Ljava/
Event: 3193.910 Thread 0x000000001d0bb800 Uncommon trap: reason=null_check action=make_not_entrant pc=0x00000000071e88e4 method=com.android.manifmerger.XmlElement.<init>(Lorg/w3c/dom/Element;Lcom/android/manifmerger/XmlDocument;)V @ 86
Event: 3214.176 Thread 0x000000001d0ba800 Uncommon trap: reason=class_check action=maybe_recompile pc=0x000000000483d190 method=com.google.common.collect.SortedIterables.hasSameComparator(Ljava/util/Comparator;Ljava/lang/Iterable;)Z @ 11
Event: 3214.176 Thread 0x000000001d0ba800 Uncommon trap: reason=class_check action=maybe_recompile pc=0x0000000004f9c554 method=org.gradle.internal.execution.history.changes.AbstractFingerprintCompareStrategy.visitChangesSince(Lorg/gradle/internal/fingerprint/FileCollectionFingerprint;Lorg/gradle
Event: 3214.197 Thread 0x000000001db07000 Uncommon trap: reason=null_check action=make_not_entrant pc=0x00000000032f1498 method=java.lang.ThreadLocal$ThreadLocalMap.getEntryAfterMiss(Ljava/lang/ThreadLocal;ILjava/lang/ThreadLocal$ThreadLocalMap$Entry;)Ljava/lang/ThreadLocal$ThreadLocalMap$Entry; 
Event: 3214.227 Thread 0x000000001db08000 Uncommon trap: reason=unstable_if action=reinterpret pc=0x0000000006b6e974 method=java.util.concurrent.ThreadPoolExecutor.getTask()Ljava/lang/Runnable; @ 34

Classes redefined (0 events):
No events

Internal exceptions (10 events):
Event: 3186.248 Thread 0x000000001d0ba000 Exception <a 'sun/nio/fs/WindowsException'> (0x00000000e1c5ed80) thrown at [D:\src\AOSP-openjdk-cygwin\jdk8u\hotspot\src\share\vm\prims\jni.cpp, line 710]
Event: 3186.306 Thread 0x000000001d0ba000 Exception <a 'sun/nio/fs/WindowsException'> (0x00000000e1c5fa28) thrown at [D:\src\AOSP-openjdk-cygwin\jdk8u\hotspot\src\share\vm\prims\jni.cpp, line 710]
Event: 3186.312 Thread 0x000000001d0ba000 Exception <a 'sun/nio/fs/WindowsException'> (0x00000000e1c61c08) thrown at [D:\src\AOSP-openjdk-cygwin\jdk8u\hotspot\src\share\vm\prims\jni.cpp, line 710]
Event: 3193.617 Thread 0x000000001d0ba800 Exception <a 'sun/nio/fs/WindowsException'> (0x00000000e36f6000) thrown at [D:\src\AOSP-openjdk-cygwin\jdk8u\hotspot\src\share\vm\prims\jni.cpp, line 710]
Event: 3213.034 Thread 0x000000001d0c8000 Exception <a 'sun/nio/fs/WindowsException'> (0x00000000e91d1d88) thrown at [D:\src\AOSP-openjdk-cygwin\jdk8u\hotspot\src\share\vm\prims\jni.cpp, line 710]
Event: 3213.034 Thread 0x000000001d0c8000 Exception <a 'sun/nio/fs/WindowsException'> (0x00000000e91d25d8) thrown at [D:\src\AOSP-openjdk-cygwin\jdk8u\hotspot\src\share\vm\prims\jni.cpp, line 710]
Event: 3213.034 Thread 0x000000001d0c8000 Exception <a 'sun/nio/fs/WindowsException'> (0x00000000e91d2a80) thrown at [D:\src\AOSP-openjdk-cygwin\jdk8u\hotspot\src\share\vm\prims\jni.cpp, line 710]
Event: 3214.148 Thread 0x000000001d0c8000 Exception <a 'java/lang/OutOfMemoryError'> (0x00000000eb8dab60) thrown at [D:\src\AOSP-openjdk-cygwin\jdk8u\hotspot\src\share\vm\prims\jni.cpp, line 736]
Event: 3214.197 Thread 0x000000001db07000 Implicit null exception at 0x00000000032f1164 to 0x00000000032f1479
Event: 3214.199 Thread 0x000000001db07000 Exception <a 'sun/nio/fs/WindowsException'> (0x00000000e39c96e8) thrown at [D:\src\AOSP-openjdk-cygwin\jdk8u\hotspot\src\share\vm\prims\jni.cpp, line 710]

Events (10 events):
Event: 3214.227 Thread 0x000000001db08000 Uncommon trap: trap_request=0xffffff65 fr.pc=0x0000000006b6e974
Event: 3214.227 Thread 0x000000001db08000 DEOPT PACKING pc=0x0000000006b6e974 sp=0x000000003f64f650
Event: 3214.227 Thread 0x000000001db08000 DEOPT UNPACKING pc=0x000000000276557b sp=0x000000003f64f650 mode 2
Event: 3214.227 Executing VM operation: BulkRevokeBias
Event: 3214.228 Executing VM operation: BulkRevokeBias done
Event: 3214.228 Thread 0x000000001db08000 Thread exited: 0x000000001db08000
Event: 3214.235 Thread 0x000000001d0c1800 Thread exited: 0x000000001d0c1800
Event: 3214.236 Thread 0x000000001d0c0000 Thread exited: 0x000000001d0c0000
Event: 3214.236 Executing VM operation: RevokeBias
Event: 3214.237 Executing VM operation: RevokeBias done


Dynamic libraries:
0x00007ff6d8220000 - 0x00007ff6d8251000 	C:\Program Files\Android\Android Studio\jre\bin\java.exe
0x00007ff9c3980000 - 0x00007ff9c3b61000 	C:\WINDOWS\SYSTEM32\ntdll.dll
0x00007ff9c15d0000 - 0x00007ff9c1681000 	C:\WINDOWS\System32\KERNEL32.DLL
0x00007ff9c0450000 - 0x00007ff9c06c3000 	C:\WINDOWS\System32\KERNELBASE.dll
0x00007ff9c1170000 - 0x00007ff9c1211000 	C:\WINDOWS\System32\ADVAPI32.dll
0x00007ff9c1b40000 - 0x00007ff9c1bde000 	C:\WINDOWS\System32\msvcrt.dll
0x00007ff9c1550000 - 0x00007ff9c15ab000 	C:\WINDOWS\System32\sechost.dll
0x00007ff9c1be0000 - 0x00007ff9c1d04000 	C:\WINDOWS\System32\RPCRT4.dll
0x00007ff9c0fe0000 - 0x00007ff9c1170000 	C:\WINDOWS\System32\USER32.dll
0x00007ff9c0de0000 - 0x00007ff9c0e00000 	C:\WINDOWS\System32\win32u.dll
0x00007ff9c1fa0000 - 0x00007ff9c1fc8000 	C:\WINDOWS\System32\GDI32.dll
0x00007ff9c08f0000 - 0x00007ff9c0a81000 	C:\WINDOWS\System32\gdi32full.dll
0x00007ff9c06d0000 - 0x00007ff9c076f000 	C:\WINDOWS\System32\msvcp_win.dll
0x00007ff9c0a90000 - 0x00007ff9c0b88000 	C:\WINDOWS\System32\ucrtbase.dll
0x00007ff99c1b0000 - 0x00007ff99c419000 	C:\WINDOWS\WinSxS\amd64_microsoft.windows.common-controls_6595b64144ccf1df_6.0.17134.1365_none_d401d10f7c8e8b9b\COMCTL32.dll
0x00007ff9c1220000 - 0x00007ff9c1541000 	C:\WINDOWS\System32\combase.dll
0x00007ff9c0770000 - 0x00007ff9c07e9000 	C:\WINDOWS\System32\bcryptPrimitives.dll
0x00007ff9c35b0000 - 0x00007ff9c35dd000 	C:\WINDOWS\System32\IMM32.DLL
0x0000000062ff0000 - 0x00000000630c2000 	C:\Program Files\Android\Android Studio\jre\jre\bin\msvcr100.dll
0x0000000061a60000 - 0x00000000622a6000 	C:\Program Files\Android\Android Studio\jre\jre\bin\server\jvm.dll
0x00007ff9c1da0000 - 0x00007ff9c1da8000 	C:\WINDOWS\System32\PSAPI.DLL
0x00007ff9b95c0000 - 0x00007ff9b95c9000 	C:\WINDOWS\SYSTEM32\WSOCK32.dll
0x00007ff9c38e0000 - 0x00007ff9c394c000 	C:\WINDOWS\System32\WS2_32.dll
0x00007ff9bce40000 - 0x00007ff9bce63000 	C:\WINDOWS\SYSTEM32\WINMM.dll
0x00007ff9bc3d0000 - 0x00007ff9bc3da000 	C:\WINDOWS\SYSTEM32\VERSION.dll
0x00007ff9bce10000 - 0x00007ff9bce3a000 	C:\WINDOWS\SYSTEM32\WINMMBASE.dll
0x00007ff9c07f0000 - 0x00007ff9c0839000 	C:\WINDOWS\System32\cfgmgr32.dll
0x00007ff999ef0000 - 0x00007ff999eff000 	C:\Program Files\Android\Android Studio\jre\jre\bin\verify.dll
0x00007ff999ec0000 - 0x00007ff999ee9000 	C:\Program Files\Android\Android Studio\jre\jre\bin\java.dll
0x00007ff995950000 - 0x00007ff995966000 	C:\Program Files\Android\Android Studio\jre\jre\bin\zip.dll
0x00007ff9c2160000 - 0x00007ff9c35a5000 	C:\WINDOWS\System32\SHELL32.dll
0x00007ff9c0e00000 - 0x00007ff9c0ea9000 	C:\WINDOWS\System32\shcore.dll
0x00007ff9bfd40000 - 0x00007ff9c0450000 	C:\WINDOWS\System32\windows.storage.dll
0x00007ff9c1690000 - 0x00007ff9c16e1000 	C:\WINDOWS\System32\shlwapi.dll
0x00007ff9bfca0000 - 0x00007ff9bfcb1000 	C:\WINDOWS\System32\kernel.appcore.dll
0x00007ff9bfc80000 - 0x00007ff9bfc9f000 	C:\WINDOWS\System32\profapi.dll
0x00007ff9bfce0000 - 0x00007ff9bfd2c000 	C:\WINDOWS\System32\powrprof.dll
0x00007ff9bfd30000 - 0x00007ff9bfd3a000 	C:\WINDOWS\System32\FLTLIB.DLL
0x00007ff995930000 - 0x00007ff99594a000 	C:\Program Files\Android\Android Studio\jre\jre\bin\net.dll
0x00007ff9b4790000 - 0x00007ff9b495b000 	C:\WINDOWS\SYSTEM32\urlmon.dll
0x00007ff9b4b10000 - 0x00007ff9b4db7000 	C:\WINDOWS\SYSTEM32\iertutil.dll
0x00007ff9bf6d0000 - 0x00007ff9bf6db000 	C:\WINDOWS\SYSTEM32\CRYPTBASE.DLL
0x00007ff9bf500000 - 0x00007ff9bf566000 	C:\WINDOWS\system32\mswsock.dll
0x00007ff995910000 - 0x00007ff995923000 	C:\Program Files\Android\Android Studio\jre\jre\bin\nio.dll
0x00007ff9b9fc0000 - 0x00007ff9b9fe6000 	C:\Users\rehan\.gradle\wrapper\dists\gradle-5.1.1-all\native\30\windows-amd64\native-platform.dll
0x00007ff992610000 - 0x00007ff99261d000 	C:\Program Files\Android\Android Studio\jre\jre\bin\management.dll
0x00007ff9bf6b0000 - 0x00007ff9bf6c7000 	C:\WINDOWS\SYSTEM32\CRYPTSP.dll
0x00007ff9bf050000 - 0x00007ff9bf083000 	C:\WINDOWS\system32\rsaenh.dll
0x00007ff9bf7e0000 - 0x00007ff9bf805000 	C:\WINDOWS\SYSTEM32\bcrypt.dll
0x00007ff9bfbb0000 - 0x00007ff9bfbd8000 	C:\WINDOWS\SYSTEM32\USERENV.dll
0x00007ff9bf250000 - 0x00007ff9bf288000 	C:\WINDOWS\SYSTEM32\IPHLPAPI.DLL
0x00007ff9c1d90000 - 0x00007ff9c1d98000 	C:\WINDOWS\System32\NSI.dll
0x00007ff9b7c70000 - 0x00007ff9b7c86000 	C:\WINDOWS\SYSTEM32\dhcpcsvc6.DLL
0x00007ff9b80d0000 - 0x00007ff9b80ea000 	C:\WINDOWS\SYSTEM32\dhcpcsvc.DLL
0x00007ff9bed40000 - 0x00007ff9bed71000 	C:\WINDOWS\SYSTEM32\ntmarta.dll
0x00007ff971e60000 - 0x00007ff971ffc000 	C:\Program Files\Android\Android Studio\jre\jre\bin\awt.dll
0x00007ff9c0eb0000 - 0x00007ff9c0f72000 	C:\WINDOWS\System32\OLEAUT32.dll
0x00007ff9be3f0000 - 0x00007ff9be419000 	C:\WINDOWS\SYSTEM32\dwmapi.dll
0x00007ff9bce70000 - 0x00007ff9bd437000 	C:\WINDOWS\SYSTEM32\d2d1.dll
0x00007ff9bdbe0000 - 0x00007ff9bdc6b000 	C:\WINDOWS\SYSTEM32\apphelp.dll
0x00007ff9bdf30000 - 0x00007ff9bdfc8000 	C:\WINDOWS\system32\uxtheme.dll
0x00007ff9bc550000 - 0x00007ff9bc56e000 	C:\Users\rehan\AppData\Local\Temp\native-platform3374577355531827426dir\native-platform.dll

VM Arguments:
jvm_args: -Xmx1536m -Dfile.encoding=windows-1252 -Duser.country=US -Duser.language=en -Duser.variant 
java_command: org.gradle.launcher.daemon.bootstrap.GradleDaemon 5.6.4
java_class_path (initial): C:\Users\rehan\.gradle\wrapper\dists\gradle-5.1.1-all\wrapper\dists\gradle-5.6.4-all\ankdp27end7byghfw1q2sw75f\gradle-5.6.4\lib\gradle-launcher-5.6.4.jar
Launcher Type: SUN_STANDARD

Environment Variables:
JAVA_HOME=C:\Program Files\Java\jdk1.8.0_151
PATH=C:\ProgramData\Oracle\Java\javapath;C:\Program Files (x86)\Common Files\Intel\Shared Files\cpp\bin\Intel64;C:\WINDOWS\system32;C:\WINDOWS;C:\WINDOWS\System32\Wbem;C:\WINDOWS\System32\WindowsPowerShell\v1.0\;C:\Program Files (x86)\GtkSharp\2.12\bin;C:\WINDOWS\System32\OpenSSH\;C:\Program Files\Microsoft SQL Server\120\Tools\Binn\;C:\Program Files\Microsoft SQL Server\Client SDK\ODBC\110\Tools\Binn\;C:\Program Files (x86)\Microsoft SQL Server\120\Tools\Binn\;C:\Program Files\Microsoft SQL Server\120\DTS\Binn\;C:\Program Files (x86)\Microsoft SQL Server\120\Tools\Binn\ManagementStudio\;C:\Program Files (x86)\Microsoft SQL Server\120\DTS\Binn\;C:\Program Files\Git\cmd;C:\Program Files (x86)\Brackets\command;C:\xampp\php;C:\composer;C:\Program Files\nodejs\;C:\Users\rehan\AppData\Local\Microsoft\WindowsApps;C:\Program Files\Android\Android Studio\gradle\gradle-4.10.1\bin;C:\Users\rehan\AppData\Local\Programs\Microsoft VS Code\bin;C:\Users\rehan\AppData\Roaming\Composer\vendor\bin;C:\Program Files\heroku\bin;flutter\bin;C:\Users\rehan\AppData\Roaming\npm
USERNAME=rehan
OS=Windows_NT
PROCESSOR_IDENTIFIER=AMD64 Family 21 Model 48 Stepping 1, AuthenticAMD



---------------  S Y S T E M  ---------------

OS: Windows 10.0 , 64 bit Build 17134 (10.0.17134.753)

CPU:total 4 (initial active 4) (4 cores per cpu, 1 threads per core) family 21 model 48 stepping 1, cmov, cx8, fxsr, mmx, sse, sse2, sse3, ssse3, sse4.1, sse4.2, popcnt, avx, aes, clmul, mmxext, 3dnowpref, lzcnt, sse4a, tsc, tscinvbit, tscinv, bmi1

Memory: 4k page, physical 7268904k(463056k free), swap 11463208k(36120k free)

vm_info: OpenJDK 64-Bit Server VM (25.212-b04) for windows-amd64 JRE (1.8.0_212-release-1586-b04), built by "builder" with MS VC++ 10.0 (VS2010)

time: Sat Apr 11 09:58:09 2020
timezone: SE Asia Standard Time
elapsed time: 3214 seconds (0d 0h 53m 34s)

